#
# There is insufficient memory for the Java Runtime Environment to continue.
# Native memory allocation (mmap) failed to map 27262976 bytes for Failed to commit area from 0x0000000088e00000 to 0x000000008a800000 of length 27262976.
# Possible reasons:
#   The system is out of physical RAM or swap space
#   The process is running with CompressedOops enabled, and the Java Heap may be blocking the growth of the native heap
# Possible solutions:
#   Reduce memory load on the system
#   Increase physical memory or swap space
#   Check if swap backing store is full
#   Decrease Java heap size (-Xmx/-Xms)
#   Decrease number of Java threads
#   Decrease Java thread stack sizes (-Xss)
#   Set larger code cache with -XX:ReservedCodeCacheSize=
#   JVM is running with Unscaled Compressed Oops mode in which the Java heap is
#     placed in the first 4GB address space. The Java Heap base address is the
#     maximum limit for the native heap growth. Please use -XX:HeapBaseMinAddress
#     to set the Java Heap base and to place the Java Heap above 4GB virtual address.
# This output file may be truncated or incomplete.
#
#  Out of Memory Error (t:/workspace/open/src/hotspot/os/windows/os_windows.cpp:3275), pid=11232, tid=17128
#
# JRE version: Java(TM) SE Runtime Environment (11.0.4+10) (build 11.0.4+10-LTS)
# Java VM: Java HotSpot(TM) 64-Bit Server VM (11.0.4+10-LTS, mixed mode, tiered, compressed oops, g1 gc, windows-amd64)
# No core dump will be written. Minidumps are not enabled by default on client versions of Windows
#

---------------  S U M M A R Y ------------

Command Line: -Dserver.port=8002 -XX:TieredStopAtLevel=1 -Xverify:none -Dspring.output.ansi.enabled=always -Dcom.sun.management.jmxremote -Dspring.jmx.enabled=true -Dspring.liveBeansView.mbeanDomain -Dspring.application.admin.enabled=true -javaagent:C:\Program Files\JetBrains\IntelliJ IDEA 2022.1\lib\idea_rt.jar=61433:C:\Program Files\JetBrains\IntelliJ IDEA 2022.1\bin -Dfile.encoding=UTF-8 com.br.cambioservice.CambioServiceApplication

Host: Intel(R) Core(TM) i5-4210U CPU @ 1.70GHz, 4 cores, 7G,  Windows 10 , 64 bit Build 19041 (10.0.19041.1645)
Time: Wed May  4 16:39:46 2022 Hora oficial do Brasil elapsed time: 8 seconds (0d 0h 0m 8s)

---------------  T H R E A D  ---------------

Current thread (0x00000245799b8800):  VMThread "VM Thread" [stack: 0x0000008fe9400000,0x0000008fe9500000] [id=17128]

Stack: [0x0000008fe9400000,0x0000008fe9500000]
[error occurred during error reporting (printing stack bounds), id 0xc0000005, EXCEPTION_ACCESS_VIOLATION (0xc0000005) at pc=0x0000024563940bad]

Native frames: (J=compiled Java code, j=interpreted, Vv=VM code, C=native code)
V  [jvm.dll+0x635bda]
V  [jvm.dll+0x77360f]
V  [jvm.dll+0x774cba]
V  [jvm.dll+0x7752d5]
V  [jvm.dll+0x77528b]
V  [jvm.dll+0x6352e6]
V  [jvm.dll+0x6356a8]
C  [ntdll.dll+0xa20cf]
C  [ntdll.dll+0x51454]
C  [ntdll.dll+0xa0bfe]
C  0x0000024563940bad

VM_Operation (0x0000008fe8efc7a0): G1CollectForAllocation, mode: safepoint, requested by thread 0x000002455b605000


---------------  P R O C E S S  ---------------

Threads class SMR info:
_java_thread_list=0x000002457b8eedf0, length=15, elements={
0x000002455b605000, 0x00000245799dd000, 0x00000245799e0000, 0x000002457a373000,
0x00000245799fa000, 0x00000245799fb000, 0x00000245799fe000, 0x000002457996e000,
0x000002457a518000, 0x000002457a519800, 0x000002457ab39800, 0x000002457ab40800,
0x000002457ac8e000, 0x000002457bae0000, 0x000002457bb25000
}

Java Threads: ( => current thread )
  0x000002455b605000 JavaThread "main" [_thread_blocked, id=20620, stack(0x0000008fe8e00000,0x0000008fe8f00000)]
  0x00000245799dd000 JavaThread "Reference Handler" daemon [_thread_blocked, id=14236, stack(0x0000008fe9500000,0x0000008fe9600000)]
  0x00000245799e0000 JavaThread "Finalizer" daemon [_thread_blocked, id=20936, stack(0x0000008fe9600000,0x0000008fe9700000)]
  0x000002457a373000 JavaThread "Signal Dispatcher" daemon [_thread_blocked, id=7104, stack(0x0000008fe9700000,0x0000008fe9800000)]
  0x00000245799fa000 JavaThread "Attach Listener" daemon [_thread_blocked, id=8388, stack(0x0000008fe9800000,0x0000008fe9900000)]
  0x00000245799fb000 JavaThread "C1 CompilerThread0" daemon [_thread_blocked, id=13636, stack(0x0000008fe9900000,0x0000008fe9a00000)]
  0x00000245799fe000 JavaThread "Sweeper thread" daemon [_thread_blocked, id=12380, stack(0x0000008fe9a00000,0x0000008fe9b00000)]
  0x000002457996e000 JavaThread "Common-Cleaner" daemon [_thread_blocked, id=19756, stack(0x0000008fe9b00000,0x0000008fe9c00000)]
  0x000002457a518000 JavaThread "C1 CompilerThread1" daemon [_thread_blocked, id=17956, stack(0x0000008fe9c00000,0x0000008fe9d00000)]
  0x000002457a519800 JavaThread "C1 CompilerThread2" daemon [_thread_blocked, id=13440, stack(0x0000008fe9d00000,0x0000008fe9e00000)]
  0x000002457ab39800 JavaThread "Monitor Ctrl-Break" daemon [_thread_in_native, id=17852, stack(0x0000008fea000000,0x0000008fea100000)]
  0x000002457ab40800 JavaThread "Service Thread" daemon [_thread_blocked, id=16036, stack(0x0000008fea100000,0x0000008fea200000)]
  0x000002457ac8e000 JavaThread "RMI TCP Accept-0" daemon [_thread_in_native, id=16336, stack(0x0000008fea200000,0x0000008fea300000)]
  0x000002457bae0000 JavaThread "RMI TCP Connection(1)-172.17.128.1" daemon [_thread_in_native, id=18076, stack(0x0000008fea400000,0x0000008fea500000)]
  0x000002457bb25000 JavaThread "RMI Scheduler(0)" daemon [_thread_blocked, id=19696, stack(0x0000008fea500000,0x0000008fea600000)]

Other Threads:
=>0x00000245799b8800 VMThread "VM Thread" [stack: 0x0000008fe9400000,0x0000008fe9500000] [id=17128]
  0x000002457ae67800 WatcherThread [stack: 0x0000008fea300000,0x0000008fea400000] [id=10552]
  0x000002455b61b800 GCTaskThread "GC Thread#0" [stack: 0x0000008fe8f00000,0x0000008fe9000000] [id=19256]
  0x000002457a72e800 GCTaskThread "GC Thread#1" [stack: 0x0000008fe9e00000,0x0000008fe9f00000] [id=19008]
  0x000002457aacc800 GCTaskThread "GC Thread#2" [stack: 0x0000008fe9f00000,0x0000008fea000000] [id=22276]
  0x000002457bc8a800 GCTaskThread "GC Thread#3" [stack: 0x0000008fea700000,0x0000008fea800000] [id=8328]
  0x000002455b64b800 ConcurrentGCThread "G1 Main Marker" [stack: 0x0000008fe9000000,0x0000008fe9100000] [id=16504]
  0x000002455b64d000 ConcurrentGCThread "G1 Conc#0" [stack: 0x0000008fe9100000,0x0000008fe9200000] [id=20328]
  0x0000024579820800 ConcurrentGCThread "G1 Refine#0" [stack: 0x0000008fe9200000,0x0000008fe9300000] [id=8040]
  0x0000024579821800 ConcurrentGCThread "G1 Young RemSet Sampling" [stack: 0x0000008fe9300000,0x0000008fe9400000] [id=15408]

Threads with active compile tasks:

VM state:at safepoint (normal execution)

VM Mutex/Monitor currently owned by a thread:  ([mutex/lock_event])
[0x000002455b603990] Threads_lock - owner thread: 0x00000245799b8800
[0x000002455b6044d0] Heap_lock - owner thread: 0x000002455b605000

Heap address: 0x0000000080e00000, size: 2034 MB, Compressed Oops mode: 32-bit
Narrow klass base: 0x0000000000000000, Narrow klass shift: 3
Compressed class space size: 1073741824 Address: 0x0000000100000000

Heap:
 garbage-first heap   total 157696K, used 17966K [0x0000000080e00000, 0x0000000100000000)
  region size 1024K, 8 young (8192K), 8 survivors (8192K)
 Metaspace       used 32888K, capacity 34108K, committed 34304K, reserved 1079296K
  class space    used 4126K, capacity 4603K, committed 4608K, reserved 1048576K
Heap Regions: E=young(eden), S=young(survivor), O=old, HS=humongous(starts), HC=humongous(continues), CS=collection set, F=free, A=archive, TAMS=top-at-mark-start (previous, next)
|   0|0x0000000080e00000, 0x0000000080f00000, 0x0000000080f00000|100%|HS|  |TAMS 0x0000000080f00000, 0x0000000080e00000| Complete 
|   1|0x0000000080f00000, 0x0000000081000000, 0x0000000081000000|100%| O|  |TAMS 0x0000000081000000, 0x0000000080f00000| Untracked 
|   2|0x0000000081000000, 0x0000000081100000, 0x0000000081100000|100%| O|  |TAMS 0x0000000081100000, 0x0000000081000000| Untracked 
|   3|0x0000000081100000, 0x0000000081200000, 0x0000000081200000|100%| O|  |TAMS 0x0000000081200000, 0x0000000081100000| Untracked 
|   4|0x0000000081200000, 0x0000000081300000, 0x0000000081300000|100%| O|  |TAMS 0x0000000081300000, 0x0000000081200000| Untracked 
|   5|0x0000000081300000, 0x0000000081400000, 0x0000000081400000|100%| O|  |TAMS 0x0000000081400000, 0x0000000081300000| Untracked 
|   6|0x0000000081400000, 0x0000000081500000, 0x0000000081500000|100%| O|  |TAMS 0x0000000081500000, 0x0000000081400000| Untracked 
|   7|0x0000000081500000, 0x0000000081600000, 0x0000000081600000|100%| O|  |TAMS 0x0000000081600000, 0x0000000081500000| Untracked 
|   8|0x0000000081600000, 0x0000000081700000, 0x0000000081700000|100%| O|  |TAMS 0x0000000081700000, 0x0000000081600000| Untracked 
|   9|0x0000000081700000, 0x0000000081800000, 0x0000000081800000|100%| O|  |TAMS 0x000000008172fe00, 0x0000000081700000| Untracked 
|  10|0x0000000081800000, 0x0000000081832c00, 0x0000000081900000| 19%| O|  |TAMS 0x0000000081800000, 0x0000000081800000| Untracked 
|  11|0x0000000081900000, 0x0000000081900000, 0x0000000081a00000|  0%| F|  |TAMS 0x0000000081900000, 0x0000000081900000| Untracked 
|  12|0x0000000081a00000, 0x0000000081a00000, 0x0000000081b00000|  0%| F|  |TAMS 0x0000000081a00000, 0x0000000081a00000| Untracked 
|  13|0x0000000081b00000, 0x0000000081b00000, 0x0000000081c00000|  0%| F|  |TAMS 0x0000000081b00000, 0x0000000081b00000| Untracked 
|  14|0x0000000081c00000, 0x0000000081c00000, 0x0000000081d00000|  0%| F|  |TAMS 0x0000000081c00000, 0x0000000081c00000| Untracked 
|  15|0x0000000081d00000, 0x0000000081d00000, 0x0000000081e00000|  0%| F|  |TAMS 0x0000000081d00000, 0x0000000081d00000| Untracked 
|  16|0x0000000081e00000, 0x0000000081e00000, 0x0000000081f00000|  0%| F|  |TAMS 0x0000000081e00000, 0x0000000081e00000| Untracked 
|  17|0x0000000081f00000, 0x0000000081f00000, 0x0000000082000000|  0%| F|  |TAMS 0x0000000081f00000, 0x0000000081f00000| Untracked 
|  18|0x0000000082000000, 0x0000000082000000, 0x0000000082100000|  0%| F|  |TAMS 0x0000000082000000, 0x0000000082000000| Untracked 
|  19|0x0000000082100000, 0x0000000082100000, 0x0000000082200000|  0%| F|  |TAMS 0x0000000082100000, 0x0000000082100000| Untracked 
|  20|0x0000000082200000, 0x0000000082200000, 0x0000000082300000|  0%| F|  |TAMS 0x0000000082200000, 0x0000000082200000| Untracked 
|  21|0x0000000082300000, 0x0000000082300000, 0x0000000082400000|  0%| F|  |TAMS 0x0000000082300000, 0x0000000082300000| Untracked 
|  22|0x0000000082400000, 0x0000000082400000, 0x0000000082500000|  0%| F|  |TAMS 0x0000000082400000, 0x0000000082400000| Untracked 
|  23|0x0000000082500000, 0x0000000082500000, 0x0000000082600000|  0%| F|  |TAMS 0x0000000082500000, 0x0000000082500000| Untracked 
|  24|0x0000000082600000, 0x0000000082600000, 0x0000000082700000|  0%| F|  |TAMS 0x0000000082600000, 0x0000000082600000| Untracked 
|  25|0x0000000082700000, 0x0000000082700000, 0x0000000082800000|  0%| F|  |TAMS 0x0000000082700000, 0x0000000082700000| Untracked 
|  26|0x0000000082800000, 0x0000000082800000, 0x0000000082900000|  0%| F|  |TAMS 0x0000000082800000, 0x0000000082800000| Untracked 
|  27|0x0000000082900000, 0x0000000082900000, 0x0000000082a00000|  0%| F|  |TAMS 0x0000000082900000, 0x0000000082900000| Untracked 
|  28|0x0000000082a00000, 0x0000000082a00000, 0x0000000082b00000|  0%| F|  |TAMS 0x0000000082a00000, 0x0000000082a00000| Untracked 
|  29|0x0000000082b00000, 0x0000000082b00000, 0x0000000082c00000|  0%| F|  |TAMS 0x0000000082b00000, 0x0000000082b00000| Untracked 
|  30|0x0000000082c00000, 0x0000000082c00000, 0x0000000082d00000|  0%| F|  |TAMS 0x0000000082c00000, 0x0000000082c00000| Untracked 
|  31|0x0000000082d00000, 0x0000000082d00000, 0x0000000082e00000|  0%| F|  |TAMS 0x0000000082d00000, 0x0000000082d00000| Untracked 
|  32|0x0000000082e00000, 0x0000000082e00000, 0x0000000082f00000|  0%| F|  |TAMS 0x0000000082e00000, 0x0000000082e00000| Untracked 
|  33|0x0000000082f00000, 0x0000000082f00000, 0x0000000083000000|  0%| F|  |TAMS 0x0000000082f00000, 0x0000000082f00000| Untracked 
|  34|0x0000000083000000, 0x0000000083000000, 0x0000000083100000|  0%| F|  |TAMS 0x0000000083000000, 0x0000000083000000| Untracked 
|  35|0x0000000083100000, 0x0000000083100000, 0x0000000083200000|  0%| F|  |TAMS 0x0000000083100000, 0x0000000083100000| Untracked 
|  36|0x0000000083200000, 0x0000000083200000, 0x0000000083300000|  0%| F|  |TAMS 0x0000000083200000, 0x0000000083200000| Untracked 
|  37|0x0000000083300000, 0x0000000083300000, 0x0000000083400000|  0%| F|  |TAMS 0x0000000083300000, 0x0000000083300000| Untracked 
|  38|0x0000000083400000, 0x0000000083400000, 0x0000000083500000|  0%| F|  |TAMS 0x0000000083400000, 0x0000000083400000| Untracked 
|  39|0x0000000083500000, 0x0000000083500000, 0x0000000083600000|  0%| F|  |TAMS 0x0000000083500000, 0x0000000083500000| Untracked 
|  40|0x0000000083600000, 0x0000000083600000, 0x0000000083700000|  0%| F|  |TAMS 0x0000000083600000, 0x0000000083600000| Untracked 
|  41|0x0000000083700000, 0x0000000083700000, 0x0000000083800000|  0%| F|  |TAMS 0x0000000083700000, 0x0000000083700000| Untracked 
|  42|0x0000000083800000, 0x0000000083800000, 0x0000000083900000|  0%| F|  |TAMS 0x0000000083800000, 0x0000000083800000| Untracked 
|  43|0x0000000083900000, 0x0000000083900000, 0x0000000083a00000|  0%| F|  |TAMS 0x0000000083900000, 0x0000000083900000| Untracked 
|  44|0x0000000083a00000, 0x0000000083a58e58, 0x0000000083b00000| 34%| S|CS|TAMS 0x0000000083a00000, 0x0000000083a00000| Complete 
|  45|0x0000000083b00000, 0x0000000083c00000, 0x0000000083c00000|100%| S|CS|TAMS 0x0000000083b00000, 0x0000000083b00000| Complete 
|  46|0x0000000083c00000, 0x0000000083d00000, 0x0000000083d00000|100%| S|CS|TAMS 0x0000000083c00000, 0x0000000083c00000| Complete 
|  47|0x0000000083d00000, 0x0000000083e00000, 0x0000000083e00000|100%| S|CS|TAMS 0x0000000083d00000, 0x0000000083d00000| Complete 
|  48|0x0000000083e00000, 0x0000000083f00000, 0x0000000083f00000|100%| S|CS|TAMS 0x0000000083e00000, 0x0000000083e00000| Complete 
|  49|0x0000000083f00000, 0x0000000084000000, 0x0000000084000000|100%| S|CS|TAMS 0x0000000083f00000, 0x0000000083f00000| Complete 
|  50|0x0000000084000000, 0x0000000084100000, 0x0000000084100000|100%| S|CS|TAMS 0x0000000084000000, 0x0000000084000000| Complete 
|  51|0x0000000084100000, 0x0000000084200000, 0x0000000084200000|100%| S|CS|TAMS 0x0000000084100000, 0x0000000084100000| Complete 
|  52|0x0000000084200000, 0x0000000084200000, 0x0000000084300000|  0%| F|  |TAMS 0x0000000084200000, 0x0000000084200000| Untracked 
|  53|0x0000000084300000, 0x0000000084300000, 0x0000000084400000|  0%| F|  |TAMS 0x0000000084300000, 0x0000000084300000| Untracked 
|  54|0x0000000084400000, 0x0000000084400000, 0x0000000084500000|  0%| F|  |TAMS 0x0000000084400000, 0x0000000084400000| Untracked 
|  55|0x0000000084500000, 0x0000000084500000, 0x0000000084600000|  0%| F|  |TAMS 0x0000000084500000, 0x0000000084500000| Untracked 
|  56|0x0000000084600000, 0x0000000084600000, 0x0000000084700000|  0%| F|  |TAMS 0x0000000084600000, 0x0000000084600000| Untracked 
|  57|0x0000000084700000, 0x0000000084700000, 0x0000000084800000|  0%| F|  |TAMS 0x0000000084700000, 0x0000000084700000| Untracked 
|  58|0x0000000084800000, 0x0000000084800000, 0x0000000084900000|  0%| F|  |TAMS 0x0000000084800000, 0x0000000084800000| Untracked 
|  59|0x0000000084900000, 0x0000000084900000, 0x0000000084a00000|  0%| F|  |TAMS 0x0000000084900000, 0x0000000084900000| Untracked 
|  60|0x0000000084a00000, 0x0000000084a00000, 0x0000000084b00000|  0%| F|  |TAMS 0x0000000084a00000, 0x0000000084a00000| Untracked 
|  61|0x0000000084b00000, 0x0000000084b00000, 0x0000000084c00000|  0%| F|  |TAMS 0x0000000084b00000, 0x0000000084b00000| Untracked 
|  62|0x0000000084c00000, 0x0000000084c00000, 0x0000000084d00000|  0%| F|  |TAMS 0x0000000084c00000, 0x0000000084c00000| Untracked 
|  63|0x0000000084d00000, 0x0000000084d00000, 0x0000000084e00000|  0%| F|  |TAMS 0x0000000084d00000, 0x0000000084d00000| Untracked 
|  64|0x0000000084e00000, 0x0000000084e00000, 0x0000000084f00000|  0%| F|  |TAMS 0x0000000084e00000, 0x0000000084e00000| Untracked 
|  65|0x0000000084f00000, 0x0000000084f00000, 0x0000000085000000|  0%| F|  |TAMS 0x0000000084f00000, 0x0000000084f00000| Untracked 
|  66|0x0000000085000000, 0x0000000085000000, 0x0000000085100000|  0%| F|  |TAMS 0x0000000085000000, 0x0000000085000000| Untracked 
|  67|0x0000000085100000, 0x0000000085100000, 0x0000000085200000|  0%| F|  |TAMS 0x0000000085100000, 0x0000000085100000| Untracked 
|  68|0x0000000085200000, 0x0000000085200000, 0x0000000085300000|  0%| F|  |TAMS 0x0000000085200000, 0x0000000085200000| Untracked 
|  69|0x0000000085300000, 0x0000000085300000, 0x0000000085400000|  0%| F|  |TAMS 0x0000000085300000, 0x0000000085300000| Untracked 
|  70|0x0000000085400000, 0x0000000085400000, 0x0000000085500000|  0%| F|  |TAMS 0x0000000085400000, 0x0000000085400000| Untracked 
|  71|0x0000000085500000, 0x0000000085500000, 0x0000000085600000|  0%| F|  |TAMS 0x0000000085500000, 0x0000000085500000| Untracked 
|  72|0x0000000085600000, 0x0000000085600000, 0x0000000085700000|  0%| F|  |TAMS 0x0000000085600000, 0x0000000085600000| Untracked 
|  73|0x0000000085700000, 0x0000000085700000, 0x0000000085800000|  0%| F|  |TAMS 0x0000000085700000, 0x0000000085700000| Untracked 
|  74|0x0000000085800000, 0x0000000085800000, 0x0000000085900000|  0%| F|  |TAMS 0x0000000085800000, 0x0000000085800000| Untracked 
|  75|0x0000000085900000, 0x0000000085900000, 0x0000000085a00000|  0%| F|  |TAMS 0x0000000085900000, 0x0000000085900000| Untracked 
|  76|0x0000000085a00000, 0x0000000085a00000, 0x0000000085b00000|  0%| F|  |TAMS 0x0000000085a00000, 0x0000000085a00000| Untracked 
|  77|0x0000000085b00000, 0x0000000085b00000, 0x0000000085c00000|  0%| F|  |TAMS 0x0000000085b00000, 0x0000000085b00000| Untracked 
|  78|0x0000000085c00000, 0x0000000085c00000, 0x0000000085d00000|  0%| F|  |TAMS 0x0000000085c00000, 0x0000000085c00000| Untracked 
|  79|0x0000000085d00000, 0x0000000085d00000, 0x0000000085e00000|  0%| F|  |TAMS 0x0000000085d00000, 0x0000000085d00000| Untracked 
|  80|0x0000000085e00000, 0x0000000085e00000, 0x0000000085f00000|  0%| F|  |TAMS 0x0000000085e00000, 0x0000000085e00000| Untracked 
|  81|0x0000000085f00000, 0x0000000085f00000, 0x0000000086000000|  0%| F|  |TAMS 0x0000000085f00000, 0x0000000085f00000| Untracked 
|  82|0x0000000086000000, 0x0000000086000000, 0x0000000086100000|  0%| F|  |TAMS 0x0000000086000000, 0x0000000086000000| Untracked 
|  83|0x0000000086100000, 0x0000000086100000, 0x0000000086200000|  0%| F|  |TAMS 0x0000000086100000, 0x0000000086100000| Untracked 
|  84|0x0000000086200000, 0x0000000086200000, 0x0000000086300000|  0%| F|  |TAMS 0x0000000086200000, 0x0000000086200000| Untracked 
|  85|0x0000000086300000, 0x0000000086300000, 0x0000000086400000|  0%| F|  |TAMS 0x0000000086300000, 0x0000000086300000| Untracked 
|  86|0x0000000086400000, 0x0000000086400000, 0x0000000086500000|  0%| F|  |TAMS 0x0000000086400000, 0x0000000086400000| Untracked 
|  87|0x0000000086500000, 0x0000000086500000, 0x0000000086600000|  0%| F|  |TAMS 0x0000000086500000, 0x0000000086500000| Untracked 
|  88|0x0000000086600000, 0x0000000086600000, 0x0000000086700000|  0%| F|  |TAMS 0x0000000086600000, 0x0000000086600000| Untracked 
|  89|0x0000000086700000, 0x0000000086700000, 0x0000000086800000|  0%| F|  |TAMS 0x0000000086700000, 0x0000000086700000| Untracked 
|  90|0x0000000086800000, 0x0000000086800000, 0x0000000086900000|  0%| F|  |TAMS 0x0000000086800000, 0x0000000086800000| Untracked 
|  91|0x0000000086900000, 0x0000000086900000, 0x0000000086a00000|  0%| F|  |TAMS 0x0000000086900000, 0x0000000086900000| Untracked 
|  92|0x0000000086a00000, 0x0000000086a00000, 0x0000000086b00000|  0%| F|  |TAMS 0x0000000086a00000, 0x0000000086a00000| Untracked 
|  93|0x0000000086b00000, 0x0000000086b00000, 0x0000000086c00000|  0%| F|  |TAMS 0x0000000086b00000, 0x0000000086b00000| Untracked 
|  94|0x0000000086c00000, 0x0000000086c00000, 0x0000000086d00000|  0%| F|  |TAMS 0x0000000086c00000, 0x0000000086c00000| Untracked 
|  95|0x0000000086d00000, 0x0000000086d00000, 0x0000000086e00000|  0%| F|  |TAMS 0x0000000086d00000, 0x0000000086d00000| Untracked 
|  96|0x0000000086e00000, 0x0000000086e00000, 0x0000000086f00000|  0%| F|  |TAMS 0x0000000086e00000, 0x0000000086e00000| Untracked 
|  97|0x0000000086f00000, 0x0000000086f00000, 0x0000000087000000|  0%| F|  |TAMS 0x0000000086f00000, 0x0000000086f00000| Untracked 
|  98|0x0000000087000000, 0x0000000087000000, 0x0000000087100000|  0%| F|  |TAMS 0x0000000087000000, 0x0000000087000000| Untracked 
|  99|0x0000000087100000, 0x0000000087100000, 0x0000000087200000|  0%| F|  |TAMS 0x0000000087100000, 0x0000000087100000| Untracked 
| 100|0x0000000087200000, 0x0000000087200000, 0x0000000087300000|  0%| F|  |TAMS 0x0000000087200000, 0x0000000087200000| Untracked 
| 101|0x0000000087300000, 0x0000000087300000, 0x0000000087400000|  0%| F|  |TAMS 0x0000000087300000, 0x0000000087300000| Untracked 
| 102|0x0000000087400000, 0x0000000087400000, 0x0000000087500000|  0%| F|  |TAMS 0x0000000087400000, 0x0000000087400000| Untracked 
| 103|0x0000000087500000, 0x0000000087500000, 0x0000000087600000|  0%| F|  |TAMS 0x0000000087500000, 0x0000000087500000| Untracked 
| 104|0x0000000087600000, 0x0000000087600000, 0x0000000087700000|  0%| F|  |TAMS 0x0000000087600000, 0x0000000087600000| Untracked 
| 105|0x0000000087700000, 0x0000000087700000, 0x0000000087800000|  0%| F|  |TAMS 0x0000000087700000, 0x0000000087700000| Untracked 
| 106|0x0000000087800000, 0x0000000087800000, 0x0000000087900000|  0%| F|  |TAMS 0x0000000087800000, 0x0000000087800000| Untracked 
| 107|0x0000000087900000, 0x0000000087900000, 0x0000000087a00000|  0%| F|  |TAMS 0x0000000087900000, 0x0000000087900000| Untracked 
| 108|0x0000000087a00000, 0x0000000087a00000, 0x0000000087b00000|  0%| F|  |TAMS 0x0000000087a00000, 0x0000000087a00000| Untracked 
| 109|0x0000000087b00000, 0x0000000087b00000, 0x0000000087c00000|  0%| F|  |TAMS 0x0000000087b00000, 0x0000000087b00000| Untracked 
| 110|0x0000000087c00000, 0x0000000087c00000, 0x0000000087d00000|  0%| F|  |TAMS 0x0000000087c00000, 0x0000000087c00000| Untracked 
| 111|0x0000000087d00000, 0x0000000087d00000, 0x0000000087e00000|  0%| F|  |TAMS 0x0000000087d00000, 0x0000000087d00000| Untracked 
| 112|0x0000000087e00000, 0x0000000087e00000, 0x0000000087f00000|  0%| F|  |TAMS 0x0000000087e00000, 0x0000000087e00000| Untracked 
| 113|0x0000000087f00000, 0x0000000087f00000, 0x0000000088000000|  0%| F|  |TAMS 0x0000000087f00000, 0x0000000087f00000| Untracked 
| 114|0x0000000088000000, 0x0000000088000000, 0x0000000088100000|  0%| F|  |TAMS 0x0000000088000000, 0x0000000088000000| Untracked 
| 115|0x0000000088100000, 0x0000000088100000, 0x0000000088200000|  0%| F|  |TAMS 0x0000000088100000, 0x0000000088100000| Untracked 
| 116|0x0000000088200000, 0x0000000088200000, 0x0000000088300000|  0%| F|  |TAMS 0x0000000088200000, 0x0000000088200000| Untracked 
| 117|0x0000000088300000, 0x0000000088300000, 0x0000000088400000|  0%| F|  |TAMS 0x0000000088300000, 0x0000000088300000| Untracked 
| 118|0x0000000088400000, 0x0000000088400000, 0x0000000088500000|  0%| F|  |TAMS 0x0000000088400000, 0x0000000088400000| Untracked 
| 119|0x0000000088500000, 0x0000000088500000, 0x0000000088600000|  0%| F|  |TAMS 0x0000000088500000, 0x0000000088500000| Untracked 
| 120|0x0000000088600000, 0x0000000088600000, 0x0000000088700000|  0%| F|  |TAMS 0x0000000088600000, 0x0000000088600000| Untracked 
| 121|0x0000000088700000, 0x0000000088700000, 0x0000000088800000|  0%| F|  |TAMS 0x0000000088700000, 0x0000000088700000| Untracked 
| 122|0x0000000088800000, 0x0000000088800000, 0x0000000088900000|  0%| F|  |TAMS 0x0000000088800000, 0x0000000088800000| Untracked 
| 123|0x0000000088900000, 0x0000000088900000, 0x0000000088a00000|  0%| F|  |TAMS 0x0000000088900000, 0x0000000088900000| Untracked 
| 124|0x0000000088a00000, 0x0000000088a00000, 0x0000000088b00000|  0%| F|  |TAMS 0x0000000088a00000, 0x0000000088a00000| Untracked 
| 125|0x0000000088b00000, 0x0000000088b00000, 0x0000000088c00000|  0%| F|  |TAMS 0x0000000088b00000, 0x0000000088b00000| Untracked 
| 126|0x0000000088c00000, 0x0000000088c00000, 0x0000000088d00000|  0%| F|  |TAMS 0x0000000088c00000, 0x0000000088c00000| Untracked 
| 127|0x0000000088d00000, 0x0000000088d00000, 0x0000000088e00000|  0%| F|  |TAMS 0x0000000088d00000, 0x0000000088d00000| Untracked 

Card table byte_map: [0x0000024572d40000,0x0000024573140000] _byte_map_base: 0x0000024572939000

Marking Bits (Prev, Next): (CMBitMap*) 0x000002455b642b70, (CMBitMap*) 0x000002455b642b38
 Prev Bits: [0x0000024575510000, 0x00000245774d8000)
 Next Bits: [0x0000024573540000, 0x0000024575508000)

Polling page: 0x000002455add0000

Metaspace:

Usage:
  Non-class:     28.81 MB capacity,    28.09 MB ( 97%) used,   615.34 KB (  2%) free+waste,   127.50 KB ( <1%) overhead. 
      Class:      4.50 MB capacity,     4.03 MB ( 90%) used,   411.05 KB (  9%) free+waste,    65.38 KB (  1%) overhead. 
       Both:     33.31 MB capacity,    32.12 MB ( 96%) used,     1.00 MB (  3%) free+waste,   192.88 KB ( <1%) overhead. 

Virtual space:
  Non-class space:       30.00 MB reserved,      29.00 MB ( 97%) committed 
      Class space:        1.00 GB reserved,       4.50 MB ( <1%) committed 
             Both:        1.03 GB reserved,      33.50 MB (  3%) committed 

Chunk freelists:
   Non-Class:  7.88 KB
       Class:  640 bytes
        Both:  8.50 KB

CodeHeap 'non-profiled nmethods': size=238912Kb used=6205Kb max_used=6205Kb free=232706Kb
 bounds [0x0000024563ff0000, 0x0000024564600000, 0x0000024572940000]
CodeHeap 'non-nmethods': size=6848Kb used=2287Kb max_used=2287Kb free=4561Kb
 bounds [0x0000024563940000, 0x0000024563bb0000, 0x0000024563ff0000]
 total_blobs=4255 nmethods=3746 adapters=416
 compilation: enabled
              stopped_count=0, restarted_count=0
 full_count=0

Compilation events (10 events):
Event: 8.825 Thread 0x00000245799fb000 3742       1       java.util.regex.Pattern::append (39 bytes)
Event: 8.825 Thread 0x00000245799fb000 nmethod 3742 0x00000245645fd410 code [0x00000245645fd5e0, 0x00000245645fd8f0]
Event: 8.827 Thread 0x000002457a519800 3743       1       java.beans.MethodRef::get (91 bytes)
Event: 8.827 Thread 0x000002457a518000 3744       1       java.beans.FeatureDescriptor::setName (6 bytes)
Event: 8.828 Thread 0x000002457a518000 nmethod 3744 0x00000245645fda10 code [0x00000245645fdbc0, 0x00000245645fdd18]
Event: 8.828 Thread 0x000002457a519800 nmethod 3743 0x00000245645fdd90 code [0x00000245645fdfa0, 0x00000245645fe4e0]
Event: 8.830 Thread 0x000002457a518000 3746       1       java.util.StringJoiner::compactElts (93 bytes)
Event: 8.830 Thread 0x00000245799fb000 3745       1       java.util.StringJoiner::<init> (10 bytes)
Event: 8.830 Thread 0x00000245799fb000 nmethod 3745 0x00000245645fe690 code [0x00000245645fe840, 0x00000245645fe990]
Event: 8.831 Thread 0x000002457a518000 nmethod 3746 0x00000245645fea10 code [0x00000245645fec20, 0x00000245645ff200]

GC Heap History (10 events):
Event: 2.997 GC heap after
{Heap after GC invocations=3 (full 0):
 garbage-first heap   total 131072K, used 10763K [0x0000000080e00000, 0x0000000100000000)
  region size 1024K, 4 young (4096K), 4 survivors (4096K)
 Metaspace       used 17001K, capacity 17546K, committed 17792K, reserved 1064960K
  class space    used 1880K, capacity 2076K, committed 2176K, reserved 1048576K
}
Event: 4.518 GC heap before
{Heap before GC invocations=3 (full 0):
 garbage-first heap   total 131072K, used 29195K [0x0000000080e00000, 0x0000000100000000)
  region size 1024K, 23 young (23552K), 4 survivors (4096K)
 Metaspace       used 20384K, capacity 21105K, committed 21248K, reserved 1067008K
  class space    used 2425K, capacity 2711K, committed 2816K, reserved 1048576K
}
Event: 4.540 GC heap after
{Heap after GC invocations=4 (full 0):
 garbage-first heap   total 131072K, used 11980K [0x0000000080e00000, 0x0000000100000000)
  region size 1024K, 3 young (3072K), 3 survivors (3072K)
 Metaspace       used 20384K, capacity 21105K, committed 21248K, reserved 1067008K
  class space    used 2425K, capacity 2711K, committed 2816K, reserved 1048576K
}
Event: 5.362 GC heap before
{Heap before GC invocations=5 (full 0):
 garbage-first heap   total 131072K, used 51916K [0x0000000080e00000, 0x0000000100000000)
  region size 1024K, 42 young (43008K), 3 survivors (3072K)
 Metaspace       used 25922K, capacity 26800K, committed 27008K, reserved 1073152K
  class space    used 3095K, capacity 3443K, committed 3456K, reserved 1048576K
}
Event: 5.369 GC heap after
{Heap after GC invocations=6 (full 0):
 garbage-first heap   total 131072K, used 13412K [0x0000000080e00000, 0x0000000100000000)
  region size 1024K, 4 young (4096K), 4 survivors (4096K)
 Metaspace       used 25922K, capacity 26800K, committed 27008K, reserved 1073152K
  class space    used 3095K, capacity 3443K, committed 3456K, reserved 1048576K
}
Event: 5.423 GC heap before
{Heap before GC invocations=6 (full 0):
 garbage-first heap   total 131072K, used 68708K [0x0000000080e00000, 0x0000000100000000)
  region size 1024K, 59 young (60416K), 4 survivors (4096K)
 Metaspace       used 26046K, capacity 26960K, committed 27136K, reserved 1073152K
  class space    used 3106K, capacity 3475K, committed 3584K, reserved 1048576K
}
Event: 5.430 GC heap after
{Heap after GC invocations=7 (full 0):
 garbage-first heap   total 131072K, used 13474K [0x0000000080e00000, 0x0000000100000000)
  region size 1024K, 4 young (4096K), 4 survivors (4096K)
 Metaspace       used 26046K, capacity 26960K, committed 27136K, reserved 1073152K
  class space    used 3106K, capacity 3475K, committed 3584K, reserved 1048576K
}
Event: 6.469 GC heap before
{Heap before GC invocations=7 (full 0):
 garbage-first heap   total 131072K, used 79010K [0x0000000080e00000, 0x0000000100000000)
  region size 1024K, 69 young (70656K), 4 survivors (4096K)
 Metaspace       used 27614K, capacity 28623K, committed 28928K, reserved 1075200K
  class space    used 3331K, capacity 3727K, committed 3840K, reserved 1048576K
}
Event: 6.482 GC heap after
{Heap after GC invocations=8 (full 0):
 garbage-first heap   total 131072K, used 15796K [0x0000000080e00000, 0x0000000100000000)
  region size 1024K, 7 young (7168K), 7 survivors (7168K)
 Metaspace       used 27614K, capacity 28623K, committed 28928K, reserved 1075200K
  class space    used 3331K, capacity 3727K, committed 3840K, reserved 1048576K
}
Event: 8.831 GC heap before
{Heap before GC invocations=8 (full 0):
 garbage-first heap   total 131072K, used 86452K [0x0000000080e00000, 0x0000000100000000)
  region size 1024K, 76 young (77824K), 7 survivors (7168K)
 Metaspace       used 32888K, capacity 34108K, committed 34304K, reserved 1079296K
  class space    used 4126K, capacity 4603K, committed 4608K, reserved 1048576K
}

Deoptimization events (0 events):
No events

Classes redefined (0 events):
No events

Internal exceptions (10 events):
Event: 8.654 Thread 0x000002455b605000 Exception <a 'java/lang/NoClassDefFoundError'{0x0000000084b09060}: org/springframework/batch/core/repository/JobRepository> (0x0000000084b09060) thrown at [t:/workspace/open/src/hotspot/share/classfile/systemDictionary.cpp, line 220]
Event: 8.657 Thread 0x000002455b605000 Exception <a 'java/lang/NoClassDefFoundError'{0x0000000084b11b58}: org/quartz/Scheduler> (0x0000000084b11b58) thrown at [t:/workspace/open/src/hotspot/share/classfile/systemDictionary.cpp, line 220]
Event: 8.657 Thread 0x000002455b605000 Exception <a 'java/lang/NoClassDefFoundError'{0x0000000084b1e7e0}: org/springframework/session/jdbc/JdbcIndexedSessionRepository> (0x0000000084b1e7e0) thrown at [t:/workspace/open/src/hotspot/share/classfile/systemDictionary.cpp, line 220]
Event: 8.754 Thread 0x000002457bae0000 Exception <a 'java/lang/reflect/InvocationTargetException'{0x0000000084a027c8}> (0x0000000084a027c8) thrown at [t:/workspace/open/src/hotspot/share/runtime/reflection.cpp, line 1242]
Event: 8.817 Thread 0x000002455b605000 Exception <a 'java/lang/ClassNotFoundException'{0x000000008492d1b8}: java/lang/ObjectCustomizer> (0x000000008492d1b8) thrown at [t:/workspace/open/src/hotspot/share/classfile/systemDictionary.cpp, line 231]
Event: 8.819 Thread 0x000002455b605000 Exception <a 'java/lang/ClassNotFoundException'{0x0000000084949270}: org/springframework/aop/framework/ProxyConfigCustomizer> (0x0000000084949270) thrown at [t:/workspace/open/src/hotspot/share/classfile/systemDictionary.cpp, line 231]
Event: 8.820 Thread 0x000002455b605000 Exception <a 'java/lang/ClassNotFoundException'{0x000000008496b610}: org/springframework/aop/framework/ProxyProcessorSupportCustomizer> (0x000000008496b610) thrown at [t:/workspace/open/src/hotspot/share/classfile/systemDictionary.cpp, line 231]
Event: 8.822 Thread 0x000002455b605000 Exception <a 'java/lang/ClassNotFoundException'{0x000000008498dcd0}: org/springframework/aop/framework/autoproxy/AbstractAutoProxyCreatorCustomizer> (0x000000008498dcd0) thrown at [t:/workspace/open/src/hotspot/share/classfile/systemDictionary.cpp, line 2
Event: 8.827 Thread 0x000002455b605000 Exception <a 'java/lang/ClassNotFoundException'{0x00000000849bd7a8}: org/springframework/aop/framework/autoproxy/AbstractAdvisorAutoProxyCreatorCustomizer> (0x00000000849bd7a8) thrown at [t:/workspace/open/src/hotspot/share/classfile/systemDictionary.cpp,
Event: 8.829 Thread 0x000002455b605000 Exception <a 'java/lang/ClassNotFoundException'{0x00000000849e13b8}: org/springframework/aop/aspectj/autoproxy/AspectJAwareAdvisorAutoProxyCreatorCustomizer> (0x00000000849e13b8) thrown at [t:/workspace/open/src/hotspot/share/classfile/systemDictionary.cp

Events (10 events):
Event: 8.828 loading class org/springframework/aop/aspectj/autoproxy/AspectJAwareAdvisorAutoProxyCreatorCustomizer done
Event: 8.829 loading class org/springframework/aop/aspectj/autoproxy/AspectJAwareAdvisorAutoProxyCreatorCustomizer
Event: 8.829 loading class org/springframework/aop/aspectj/autoproxy/AspectJAwareAdvisorAutoProxyCreatorCustomizer done
Event: 8.829 loading class org/springframework/aop/aspectj/autoproxy/AspectJAwareAdvisorAutoProxyCreatorCustomizer
Event: 8.829 loading class org/springframework/aop/aspectj/autoproxy/AspectJAwareAdvisorAutoProxyCreatorCustomizer done
Event: 8.830 loading class org/springframework/aop/aspectj/annotation/AnnotationAwareAspectJAutoProxyCreatorCustomizer
Event: 8.830 loading class org/springframework/aop/aspectj/annotation/AnnotationAwareAspectJAutoProxyCreatorCustomizer done
Event: 8.830 loading class org/springframework/aop/aspectj/annotation/AnnotationAwareAspectJAutoProxyCreatorCustomizer
Event: 8.830 loading class org/springframework/aop/aspectj/annotation/AnnotationAwareAspectJAutoProxyCreatorCustomizer done
Event: 8.831 Executing VM operation: G1CollectForAllocation


Dynamic libraries:
0x00007ff6be9a0000 - 0x00007ff6be9e7000 	C:\Program Files\Java\jdk-11.0.4\bin\java.exe
0x00007ffe5e5b0000 - 0x00007ffe5e7a5000 	C:\WINDOWS\SYSTEM32\ntdll.dll
0x00007ffe5dd30000 - 0x00007ffe5ddee000 	C:\WINDOWS\System32\KERNEL32.DLL
0x00007ffe5c340000 - 0x00007ffe5c608000 	C:\WINDOWS\System32\KERNELBASE.dll
0x00007ffe5d810000 - 0x00007ffe5d8be000 	C:\WINDOWS\System32\ADVAPI32.dll
0x00007ffe5dc90000 - 0x00007ffe5dd2e000 	C:\WINDOWS\System32\msvcrt.dll
0x00007ffe5e4c0000 - 0x00007ffe5e55c000 	C:\WINDOWS\System32\sechost.dll
0x00007ffe5e260000 - 0x00007ffe5e385000 	C:\WINDOWS\System32\RPCRT4.dll
0x00007ffe5d8c0000 - 0x00007ffe5da60000 	C:\WINDOWS\System32\USER32.dll
0x00007ffe5bed0000 - 0x00007ffe5bef2000 	C:\WINDOWS\System32\win32u.dll
0x00007ffe5e050000 - 0x00007ffe5e07a000 	C:\WINDOWS\System32\GDI32.dll
0x00007ffe5c230000 - 0x00007ffe5c33b000 	C:\WINDOWS\System32\gdi32full.dll
0x00007ffe5bcd0000 - 0x00007ffe5bd6d000 	C:\WINDOWS\System32\msvcp_win.dll
0x00007ffe5c050000 - 0x00007ffe5c150000 	C:\WINDOWS\System32\ucrtbase.dll
0x00007ffe49f80000 - 0x00007ffe4a21a000 	C:\WINDOWS\WinSxS\amd64_microsoft.windows.common-controls_6595b64144ccf1df_6.0.19041.1110_none_60b5254171f9507e\COMCTL32.dll
0x00007ffe4e5d0000 - 0x00007ffe4e5da000 	C:\WINDOWS\SYSTEM32\VERSION.dll
0x00007ffe5ded0000 - 0x00007ffe5df00000 	C:\WINDOWS\System32\IMM32.DLL
0x00007ffe4c010000 - 0x00007ffe4c026000 	C:\Program Files\Java\jdk-11.0.4\bin\vcruntime140.dll
0x00007ffe3e380000 - 0x00007ffe3e42a000 	C:\Program Files\Java\jdk-11.0.4\bin\msvcp140.dll
0x00007ffdef2a0000 - 0x00007ffdefdc7000 	C:\Program Files\Java\jdk-11.0.4\bin\server\jvm.dll
0x00007ffe5dec0000 - 0x00007ffe5dec8000 	C:\WINDOWS\System32\PSAPI.DLL
0x00007ffe484c0000 - 0x00007ffe484c9000 	C:\WINDOWS\SYSTEM32\WSOCK32.dll
0x00007ffe5ddf0000 - 0x00007ffe5de5b000 	C:\WINDOWS\System32\WS2_32.dll
0x00007ffe4c720000 - 0x00007ffe4c747000 	C:\WINDOWS\SYSTEM32\WINMM.dll
0x00007ffe5a590000 - 0x00007ffe5a5a2000 	C:\WINDOWS\SYSTEM32\kernel.appcore.dll
0x00007ffe4bee0000 - 0x00007ffe4bef1000 	C:\Program Files\Java\jdk-11.0.4\bin\verify.dll
0x00007ffe5a320000 - 0x00007ffe5a504000 	C:\WINDOWS\SYSTEM32\DBGHELP.DLL
0x00007ffe494e0000 - 0x00007ffe4950c000 	C:\WINDOWS\SYSTEM32\dbgcore.DLL
0x00007ffe5c1a0000 - 0x00007ffe5c222000 	C:\WINDOWS\System32\bcryptPrimitives.dll
0x00007ffe44a40000 - 0x00007ffe44a69000 	C:\Program Files\Java\jdk-11.0.4\bin\java.dll
0x00007ffe4bf10000 - 0x00007ffe4bf3f000 	C:\Program Files\Java\jdk-11.0.4\bin\instrument.dll
0x00007ffe4b2d0000 - 0x00007ffe4b2e6000 	C:\Program Files\Java\jdk-11.0.4\bin\zip.dll
0x00007ffe574f0000 - 0x00007ffe574fa000 	C:\Program Files\Java\jdk-11.0.4\bin\jimage.dll
0x00007ffe5d0c0000 - 0x00007ffe5d804000 	C:\WINDOWS\System32\SHELL32.dll
0x00007ffe59ac0000 - 0x00007ffe5a254000 	C:\WINDOWS\SYSTEM32\windows.storage.dll
0x00007ffe5cd60000 - 0x00007ffe5d0b4000 	C:\WINDOWS\System32\combase.dll
0x00007ffe5b660000 - 0x00007ffe5b68c000 	C:\WINDOWS\SYSTEM32\Wldp.dll
0x00007ffe5db80000 - 0x00007ffe5dc2d000 	C:\WINDOWS\System32\SHCORE.dll
0x00007ffe5e200000 - 0x00007ffe5e255000 	C:\WINDOWS\System32\shlwapi.dll
0x00007ffe5bc10000 - 0x00007ffe5bc2f000 	C:\WINDOWS\SYSTEM32\profapi.dll
0x00007ffe46700000 - 0x00007ffe46719000 	C:\Program Files\Java\jdk-11.0.4\bin\net.dll
0x00007ffe51fe0000 - 0x00007ffe520ea000 	C:\WINDOWS\SYSTEM32\WINHTTP.dll
0x00007ffe4ddd0000 - 0x00007ffe4dfbc000 	C:\WINDOWS\SYSTEM32\urlmon.dll
0x00007ffe4db10000 - 0x00007ffe4ddc1000 	C:\WINDOWS\SYSTEM32\iertutil.dll
0x00007ffe52110000 - 0x00007ffe52138000 	C:\WINDOWS\SYSTEM32\srvcli.dll
0x00007ffe5b210000 - 0x00007ffe5b21c000 	C:\WINDOWS\SYSTEM32\netutils.dll
0x00007ffe5b440000 - 0x00007ffe5b4aa000 	C:\WINDOWS\system32\mswsock.dll
0x00007ffe44a20000 - 0x00007ffe44a33000 	C:\Program Files\Java\jdk-11.0.4\bin\nio.dll
0x00007ffe42810000 - 0x00007ffe4282a000 	C:\Program Files\JetBrains\IntelliJ IDEA 2022.1\bin\breakgen64.dll
0x00007ffe5b140000 - 0x00007ffe5b20b000 	C:\WINDOWS\SYSTEM32\DNSAPI.dll
0x00007ffe5b100000 - 0x00007ffe5b13b000 	C:\WINDOWS\SYSTEM32\IPHLPAPI.DLL
0x00007ffe5e560000 - 0x00007ffe5e568000 	C:\WINDOWS\System32\NSI.dll
0x00007ffe4d0e0000 - 0x00007ffe4d0ea000 	C:\Windows\System32\rasadhlp.dll
0x00007ffe51d10000 - 0x00007ffe51d8f000 	C:\WINDOWS\System32\fwpuclnt.dll
0x00007ffe5c020000 - 0x00007ffe5c047000 	C:\WINDOWS\System32\bcrypt.dll
0x00007ffe53900000 - 0x00007ffe53909000 	C:\Program Files\Java\jdk-11.0.4\bin\management.dll
0x00007ffe4c000000 - 0x00007ffe4c00c000 	C:\Program Files\Java\jdk-11.0.4\bin\management_ext.dll
0x00007ffe5b990000 - 0x00007ffe5b9a8000 	C:\WINDOWS\SYSTEM32\CRYPTSP.dll
0x00007ffe5ad70000 - 0x00007ffe5ada4000 	C:\WINDOWS\system32\rsaenh.dll
0x00007ffe5bbd0000 - 0x00007ffe5bbfe000 	C:\WINDOWS\SYSTEM32\USERENV.dll
0x00007ffe5b5d0000 - 0x00007ffe5b5dc000 	C:\WINDOWS\SYSTEM32\CRYPTBASE.dll
0x00007ffe529f0000 - 0x00007ffe52a07000 	C:\WINDOWS\SYSTEM32\dhcpcsvc6.DLL
0x00007ffe52850000 - 0x00007ffe5286d000 	C:\WINDOWS\SYSTEM32\dhcpcsvc.DLL
0x00007ffe484d0000 - 0x00007ffe484e7000 	C:\WINDOWS\system32\napinsp.dll
0x00007ffe48390000 - 0x00007ffe483ab000 	C:\WINDOWS\system32\pnrpnsp.dll
0x00007ffe567e0000 - 0x00007ffe567f5000 	C:\WINDOWS\system32\wshbth.dll
0x00007ffe57490000 - 0x00007ffe574ad000 	C:\WINDOWS\system32\NLAapi.dll
0x00007ffe48370000 - 0x00007ffe48382000 	C:\WINDOWS\System32\winrnr.dll

dbghelp: loaded successfully - version: 4.0.5 - missing functions: none
symbol engine: initialized successfully - sym options: 0x614 - pdb path: .;C:\Program Files\Java\jdk-11.0.4\bin;C:\WINDOWS\SYSTEM32;C:\WINDOWS\WinSxS\amd64_microsoft.windows.common-controls_6595b64144ccf1df_6.0.19041.1110_none_60b5254171f9507e;C:\Program Files\Java\jdk-11.0.4\bin\server;C:\Program Files\JetBrains\IntelliJ IDEA 2022.1\bin

VM Arguments:
jvm_args: -Dserver.port=8002 -XX:TieredStopAtLevel=1 -Xverify:none -Dspring.output.ansi.enabled=always -Dcom.sun.management.jmxremote -Dspring.jmx.enabled=true -Dspring.liveBeansView.mbeanDomain -Dspring.application.admin.enabled=true -javaagent:C:\Program Files\JetBrains\IntelliJ IDEA 2022.1\lib\idea_rt.jar=61433:C:\Program Files\JetBrains\IntelliJ IDEA 2022.1\bin -Dfile.encoding=UTF-8 
java_command: com.br.cambioservice.CambioServiceApplication
java_class_path (initial): D:\Cursos\Java\micro-service-2.4+\cambio-service\target\classes;C:\Users\JW Junior\.m2\repository\org\springframework\boot\spring-boot-starter-actuator\2.6.7\spring-boot-starter-actuator-2.6.7.jar;C:\Users\JW Junior\.m2\repository\org\springframework\boot\spring-boot-starter\2.6.7\spring-boot-starter-2.6.7.jar;C:\Users\JW Junior\.m2\repository\org\springframework\boot\spring-boot\2.6.7\spring-boot-2.6.7.jar;C:\Users\JW Junior\.m2\repository\org\springframework\boot\spring-boot-autoconfigure\2.6.7\spring-boot-autoconfigure-2.6.7.jar;C:\Users\JW Junior\.m2\repository\org\springframework\boot\spring-boot-starter-logging\2.6.7\spring-boot-starter-logging-2.6.7.jar;C:\Users\JW Junior\.m2\repository\ch\qos\logback\logback-classic\1.2.11\logback-classic-1.2.11.jar;C:\Users\JW Junior\.m2\repository\ch\qos\logback\logback-core\1.2.11\logback-core-1.2.11.jar;C:\Users\JW Junior\.m2\repository\org\apache\logging\log4j\log4j-to-slf4j\2.17.2\log4j-to-slf4j-2.17.2.jar;C:\Users\JW Junior\.m2\repository\org\apache\logging\log4j\log4j-api\2.17.2\log4j-api-2.17.2.jar;C:\Users\JW Junior\.m2\repository\org\slf4j\jul-to-slf4j\1.7.36\jul-to-slf4j-1.7.36.jar;C:\Users\JW Junior\.m2\repository\jakarta\annotation\jakarta.annotation-api\1.3.5\jakarta.annotation-api-1.3.5.jar;C:\Users\JW Junior\.m2\repository\org\yaml\snakeyaml\1.29\snakeyaml-1.29.jar;C:\Users\JW Junior\.m2\repository\org\springframework\boot\spring-boot-actuator-autoconfigure\2.6.7\spring-boot-actuator-autoconfigure-2.6.7.jar;C:\Users\JW Junior\.m2\repository\org\springframework\boot\spring-boot-actuator\2.6.7\spring-boot-actuator-2.6.7.jar;C:\Users\JW Junior\.m2\repository\com\fasterxml\jackson\core\jackson-databind\2.13.2.1\jackson-databind-2.13.2.1.jar;C:\Users\JW Junior\.m2\repository\com\fasterxml\jackson\datatype\jackson-datatype-jsr310\2.13.2\jackson-datatype-jsr310-2.13.2.jar;C:\Users\JW Junior\.m2\repository\io\micrometer\micrometer-core\1.8.5\micrometer-core-1.8.5.jar;C:\Users\JW Junior\.
Launcher Type: SUN_STANDARD

[Global flags]
     bool BytecodeVerificationLocal                = false                                     {product} {command line}
     bool BytecodeVerificationRemote               = false                                     {product} {command line}
     intx CICompilerCount                          = 3                                         {product} {ergonomic}
     uint ConcGCThreads                            = 1                                         {product} {ergonomic}
     uint G1ConcRefinementThreads                  = 4                                         {product} {ergonomic}
   size_t G1HeapRegionSize                         = 1048576                                   {product} {ergonomic}
    uintx GCDrainStackTargetSize                   = 64                                        {product} {ergonomic}
   size_t InitialHeapSize                          = 134217728                                 {product} {ergonomic}
     bool ManagementServer                         = true                                      {product} {command line}
   size_t MarkStackSize                            = 4194304                                   {product} {ergonomic}
   size_t MaxHeapSize                              = 2132803584                                {product} {ergonomic}
   size_t MaxNewSize                               = 1279262720                                {product} {ergonomic}
   size_t MinHeapDeltaBytes                        = 1048576                                   {product} {ergonomic}
    uintx NonNMethodCodeHeapSize                   = 6973028                                {pd product} {ergonomic}
    uintx NonProfiledCodeHeapSize                  = 244685212                              {pd product} {ergonomic}
    uintx ProfiledCodeHeapSize                     = 0                                      {pd product} {ergonomic}
    uintx ReservedCodeCacheSize                    = 251658240                              {pd product} {ergonomic}
     bool SegmentedCodeCache                       = true                                      {product} {ergonomic}
     intx TieredStopAtLevel                        = 1                                         {product} {command line}
     bool UseCompressedClassPointers               = true                                 {lp64_product} {ergonomic}
     bool UseCompressedOops                        = true                                 {lp64_product} {ergonomic}
     bool UseG1GC                                  = true                                      {product} {ergonomic}
     bool UseLargePagesIndividualAllocation        = false                                  {pd product} {ergonomic}

Logging:
Log output configuration:
 #0: stdout all=warning uptime,level,tags
 #1: stderr all=off uptime,level,tags

Environment Variables:
JAVA_HOME=C:\Program Files\Java\jdk-11.0.4
CLASSPATH=.;
PATH=C:\Python38\Scripts\;C:\Python38\;C:\Python27\;C:\Python27\Scripts;C:\Program Files (x86)\Common Files\Oracle\Java\javapath;C:\ProgramData\Oracle\Java\javapath;C:\WINDOWS\system32;C:\WINDOWS;C:\WINDOWS\System32\Wbem;C:\WINDOWS\System32\WindowsPowerShell\v1.0\;C:\Program Files\Java\jdk1.8.0_101\bin;C:\apache-maven-3.5.0\bin;C:\Program Files\PuTTY\;C:\WINDOWS\System32\OpenSSH\;C:\Program Files (x86)\GtkSharp\2.12\bin;C:\Program Files (x86)\Yarn\bin\;C:\ProgramData\chocolatey\bin;C:\Program Files\Java\jdk1.8.0_231\bin;D:\Android\Sdk\platform-tools;D:\Android\Sdk\tools;D:\Android\Sdk\platform-tools;D:\Flutter\flutter\bin;C:\Program Files\SQL Anywhere 16\Bin64;C:\Program Files\SQL Anywhere 16\Bin32;C:\Program Files\Microsoft SQL Server\130\Tools\Binn\;C:\Program Files\Memurai\;C:\Program Files\dotnet\;C:\Program Files (x86)\dotnet\;C:\Users\JW Junior\AppData\Local\Pub\Cache\bin;D:\Flutter\flutter\bin\cache\dart-sdk;C:\Program Files\Git\cmd;D:\Flutter\flutter\bin\cache\dart-sdk\bin;C:\composer;C:\Program Files\nodejs\;C:\Users\JW Junior\AppData\Local\Microsoft\WindowsApps;C:\Program Files (x86)\Microsoft VS Code\bin;C:\Program Files\heroku\bin;C:\xampp\mysql\bin;C:\xampp\php;C:\Users\JW Junior\AppData\Local\Programs\Microsoft VS Code\bin;C:\Users\JW Junior\AppData\Roaming\Composer\vendor\bin;C:\Users\JW Junior\AppData\Local\Yarn\bin;C:\Program Files\JetBrains\IntelliJ IDEA 2019.3.2\bin;C:\Program Files\JetBrains\IntelliJ IDEA Community Edition 2019.3.3\bin;C:\Program Files\MongoDB\Server\4.2\bin;C:\Users\JW Junior\AppData\Local\GitHubDesktop\bin;C:\Users\JW Junior\AppData\Local\Microsoft\WindowsApps;C:\Users\JW Junior\.dotnet\tools;C:\Program Files\JetBrains\PyCharm Community Edition 2021.2\bin;;C:\Users\JW Junior\AppData\Local\Pub\Cache\bin;D:\Flutter\flutter\bin\cache\dart-sdk;C:\Program Files\JetBrains\IntelliJ IDEA 2022.1\bin;;D:\Flutter\flutter\bin\cache\dart-sdk\bin;C:\Users\JW Junior\AppData\Roaming\npm
USERNAME=JW Junior
OS=Windows_NT
PROCESSOR_IDENTIFIER=Intel64 Family 6 Model 69 Stepping 1, GenuineIntel



---------------  S Y S T E M  ---------------

OS: Windows 10 , 64 bit Build 19041 (10.0.19041.1645)

CPU:total 4 (initial active 4) (2 cores per cpu, 2 threads per core) family 6 model 69 stepping 1, cmov, cx8, fxsr, mmx, sse, sse2, sse3, ssse3, sse4.1, sse4.2, popcnt, avx, avx2, aes, clmul, erms, lzcnt, ht, tsc, tscinvbit, bmi1, bmi2, fma

Memory: 4k page, system-wide physical 8128M (329M free)
TotalPageFile size 15165M (AvailPageFile size 26M)
current process WorkingSet (physical memory assigned to process): 178M, peak: 178M
current process commit charge ("private bytes"): 247M, peak: 273M

vm_info: Java HotSpot(TM) 64-Bit Server VM (11.0.4+10-LTS) for windows-amd64 JRE (11.0.4+10-LTS), built on Jul  4 2019 16:28:13 by "mach5one" with MS VC++ 15.5 (VS2017)

END.
